manifest-merger-debug-report.txt
-- Merging decision tree log ---
manifest
ADDED from AndroidManifest.xml:2:1
	package
		ADDED from AndroidManifest.xml:2:98
	android:versionName
		ADDED from AndroidManifest.xml:2:70
	android:hardwareAccelerated
		ADDED from AndroidManifest.xml:2:11
	android:versionCode
		ADDED from AndroidManifest.xml:2:46
		INJECTED from AndroidManifest.xml:0:0
		INJECTED from AndroidManifest.xml:0:0
	xmlns:android
		ADDED from AndroidManifest.xml:2:132
uses-sdk
ADDED from AndroidManifest.xml:3:5
	android:targetSdkVersion
		ADDED from AndroidManifest.xml:3:42
	android:minSdkVersion
		ADDED from AndroidManifest.xml:3:15
supports-screens
ADDED from AndroidManifest.xml:4:5
	android:largeScreens
		ADDED from AndroidManifest.xml:4:49
	android:smallScreens
		ADDED from AndroidManifest.xml:4:132
	android:normalScreens
		ADDED from AndroidManifest.xml:4:77
	android:xlargeScreens
		ADDED from AndroidManifest.xml:4:160
	android:resizeable
		ADDED from AndroidManifest.xml:4:106
	android:anyDensity
		ADDED from AndroidManifest.xml:4:23
uses-permission#android.permission.INTERNET
ADDED from AndroidManifest.xml:5:5
	android:name
		ADDED from AndroidManifest.xml:5:22
uses-permission#android.permission.WRITE_EXTERNAL_STORAGE
ADDED from AndroidManifest.xml:6:5
	android:maxSdkVersion
		ADDED from AndroidManifest.xml:6:22
	android:name
		ADDED from AndroidManifest.xml:6:49
uses-permission#android.permission.READ_PHONE_STATE
ADDED from AndroidManifest.xml:7:5
	android:name
		ADDED from AndroidManifest.xml:7:22
uses-permission#android.permission.READ_EXTERNAL_STORAGE
ADDED from AndroidManifest.xml:8:5
	android:maxSdkVersion
		ADDED from AndroidManifest.xml:8:22
	android:name
		ADDED from AndroidManifest.xml:8:49
application
ADDED from AndroidManifest.xml:9:5
	android:label
		ADDED from AndroidManifest.xml:9:83
	android:supportsRtl
		ADDED from AndroidManifest.xml:9:116
	android:hardwareAccelerated
		ADDED from AndroidManifest.xml:9:18
	android:icon
		ADDED from AndroidManifest.xml:9:53
activity#io.cordova.hellocordova.MainActivity
ADDED from AndroidManifest.xml:10:9
	android:label
		ADDED from AndroidManifest.xml:10:97
	android:launchMode
		ADDED from AndroidManifest.xml:10:135
	android:windowSoftInputMode
		ADDED from AndroidManifest.xml:10:249
	android:configChanges
		ADDED from AndroidManifest.xml:10:19
	android:theme
		ADDED from AndroidManifest.xml:10:195
	android:name
		ADDED from AndroidManifest.xml:10:166
intent-filter#android.intent.action.MAIN+android.intent.category.LAUNCHER
ADDED from AndroidManifest.xml:11:13
	android:label
		ADDED from AndroidManifest.xml:11:28
action#android.intent.action.MAIN
ADDED from AndroidManifest.xml:12:17
	android:name
		ADDED from AndroidManifest.xml:12:25
category#android.intent.category.LAUNCHER
ADDED from AndroidManifest.xml:13:17
	android:name
		ADDED from AndroidManifest.xml:13:27